#
# There is insufficient memory for the Java Runtime Environment to continue.
# Native memory allocation (mmap) failed to map 8388608 bytes for G1 virtual space
# Possible reasons:
#   The system is out of physical RAM or swap space
#   The process is running with CompressedOops enabled, and the Java Heap may be blocking the growth of the native heap
# Possible solutions:
#   Reduce memory load on the system
#   Increase physical memory or swap space
#   Check if swap backing store is full
#   Decrease Java heap size (-Xmx/-Xms)
#   Decrease number of Java threads
#   Decrease Java thread stack sizes (-Xss)
#   Set larger code cache with -XX:ReservedCodeCacheSize=
#   JVM is running with Unscaled Compressed Oops mode in which the Java heap is
#     placed in the first 4GB address space. The Java Heap base address is the
#     maximum limit for the native heap growth. Please use -XX:HeapBaseMinAddress
#     to set the Java Heap base and to place the Java Heap above 4GB virtual address.
# This output file may be truncated or incomplete.
#
#  Out of Memory Error (os_windows.cpp:3550), pid=12364, tid=15860
#
# JRE version:  (17.0.8+9) (build )
# Java VM: Java HotSpot(TM) 64-Bit Server VM (17.0.8+9-LTS-211, mixed mode, sharing, tiered, compressed oops, compressed class ptrs, g1 gc, windows-amd64)
# No core dump will be written. Minidumps are not enabled by default on client versions of Windows
#

---------------  S U M M A R Y ------------

Command Line: -Dapplication.home=C:\Program Files\Java\jdk-17 --add-modules=ALL-DEFAULT -Xms8m -Djdk.module.main=jdk.compiler jdk.compiler/com.sun.tools.javac.Main tempCodeRunnerFile.java

Host: Intel(R) Core(TM) i7-8565U CPU @ 1.80GHz, 8 cores, 7G,  Windows 11 , 64 bit Build 22621 (10.0.22621.3374)
Time: Wed May  8 00:11:47 2024 FLE Daylight Time elapsed time: 0.057891 seconds (0d 0h 0m 0s)

---------------  T H R E A D  ---------------

Current thread (0x0000025324bda670):  JavaThread "Unknown thread" [_thread_in_vm, id=15860, stack(0x000000d936f00000,0x000000d937000000)]

Stack: [0x000000d936f00000,0x000000d937000000]
Native frames: (J=compiled Java code, j=interpreted, Vv=VM code, C=native code)
V  [jvm.dll+0x677d0a]
V  [jvm.dll+0x7d8c54]
V  [jvm.dll+0x7da3fe]
V  [jvm.dll+0x7daa63]
V  [jvm.dll+0x245c5f]
V  [jvm.dll+0x674bb9]
V  [jvm.dll+0x6694f2]
V  [jvm.dll+0x3031d6]
V  [jvm.dll+0x30a756]
V  [jvm.dll+0x359f9e]
V  [jvm.dll+0x35a1cf]
V  [jvm.dll+0x2da3e8]
V  [jvm.dll+0x2db354]
V  [jvm.dll+0x7aa711]
V  [jvm.dll+0x367b51]
V  [jvm.dll+0x789979]
V  [jvm.dll+0x3eb05f]
V  [jvm.dll+0x3ecae1]
C  [jli.dll+0x5297]
C  [ucrtbase.dll+0x29333]
C  [KERNEL32.DLL+0x1257d]
C  [ntdll.dll+0x5aa48]


---------------  P R O C E S S  ---------------

Threads class SMR info:
_java_thread_list=0x00007fff73eb59d8, length=0, elements={
}

Java Threads: ( => current thread )

Other Threads:
  0x0000025324c34450 GCTaskThread "GC Thread#0" [stack: 0x000000d936d00000,0x000000d936e00000] [id=15284]
  0x0000025324c44f20 ConcurrentGCThread "G1 Main Marker" [stack: 0x000000d937000000,0x000000d937100000] [id=4840]
  0x0000025324c45840 ConcurrentGCThread "G1 Conc#0" [stack: 0x000000d937100000,0x000000d937200000] [id=17012]

[error occurred during error reporting (printing all threads), id 0xc0000005, EXCEPTION_ACCESS_VIOLATION (0xc0000005) at pc=0x00007fff736eb047]

VM state: not at safepoint (not fully initialized)

VM Mutex/Monitor currently owned by a thread:  ([mutex/lock_event])
[0x0000025324bd6340] Heap_lock - owner thread: 0x0000025324bda670

Heap address: 0x0000000081c00000, size: 2020 MB, Compressed Oops mode: 32-bit

CDS archive(s) mapped at: [0x0000000000000000-0x0000000000000000-0x0000000000000000), size 0, SharedBaseAddress: 0x0000000800000000, ArchiveRelocationMode: 1.
Narrow klass base: 0x0000000000000000, Narrow klass shift: 0, Narrow klass range: 0x0

GC Precious Log:
<Empty>

Heap:
 garbage-first heap   total 0K, used 0K [0x0000000081c00000, 0x0000000100000000)
  region size 1024K, 0 young (0K), 0 survivors (0K)

[error occurred during error reporting (printing heap information), id 0xc0000005, EXCEPTION_ACCESS_VIOLATION (0xc0000005) at pc=0x00007fff73ad1499]

GC Heap History (0 events):
No events

Deoptimization events (0 events):
No events

Classes unloaded (0 events):
No events

Classes redefined (0 events):
No events

Internal exceptions (0 events):
No events

VM Operations (0 events):
No events

Events (1 events):
Event: 0.031 Loaded shared library C:\Program Files\Java\jdk-17\bin\java.dll


Dynamic libraries:
0x00007ff6b5c40000 - 0x00007ff6b5c48000 	C:\Program Files\Java\jdk-17\bin\javac.exe
0x00007fffd7010000 - 0x00007fffd7226000 	C:\WINDOWS\SYSTEM32\ntdll.dll
0x00007fffd5930000 - 0x00007fffd59f4000 	C:\WINDOWS\System32\KERNEL32.DLL
0x00007fffd4540000 - 0x00007fffd48e7000 	C:\WINDOWS\System32\KERNELBASE.dll
0x00007fffd4420000 - 0x00007fffd4531000 	C:\WINDOWS\System32\ucrtbase.dll
0x00007fffbdca0000 - 0x00007fffbdcb9000 	C:\Program Files\Java\jdk-17\bin\jli.dll
0x00007fffd53d0000 - 0x00007fffd5482000 	C:\WINDOWS\System32\ADVAPI32.dll
0x00007fffd5bd0000 - 0x00007fffd5c77000 	C:\WINDOWS\System32\msvcrt.dll
0x00007fffd51a0000 - 0x00007fffd5248000 	C:\WINDOWS\System32\sechost.dll
0x00007fffd48f0000 - 0x00007fffd4918000 	C:\WINDOWS\System32\bcrypt.dll
0x00007fffd6e80000 - 0x00007fffd6f95000 	C:\WINDOWS\System32\RPCRT4.dll
0x00007fffd4ff0000 - 0x00007fffd519e000 	C:\WINDOWS\System32\USER32.dll
0x00007fffd4b50000 - 0x00007fffd4b76000 	C:\WINDOWS\System32\win32u.dll
0x00007fffd6fa0000 - 0x00007fffd6fc9000 	C:\WINDOWS\System32\GDI32.dll
0x00007fffd4c20000 - 0x00007fffd4d39000 	C:\WINDOWS\System32\gdi32full.dll
0x00007fffd4b80000 - 0x00007fffd4c1a000 	C:\WINDOWS\System32\msvcp_win.dll
0x00007fffbdb50000 - 0x00007fffbdb6b000 	C:\Program Files\Java\jdk-17\bin\VCRUNTIME140.dll
0x00007fffc2140000 - 0x00007fffc23d3000 	C:\WINDOWS\WinSxS\amd64_microsoft.windows.common-controls_6595b64144ccf1df_6.0.22621.3235_none_270f74e173860f98\COMCTL32.dll
0x00007fffc8dc0000 - 0x00007fffc8dca000 	C:\WINDOWS\SYSTEM32\VERSION.dll
0x00007fffd6cc0000 - 0x00007fffd6cf1000 	C:\WINDOWS\System32\IMM32.DLL
0x00007fffa7d30000 - 0x00007fffa7e94000 	C:\Program Files (x86)\Citrix\ICA Client\ctxapclient64.dll
0x00007fffd5520000 - 0x00007fffd58a8000 	C:\WINDOWS\System32\combase.dll
0x00007fffd3440000 - 0x00007fffd3474000 	C:\WINDOWS\SYSTEM32\ntmarta.dll
0x00007fffd4330000 - 0x00007fffd43a9000 	C:\WINDOWS\System32\bcryptprimitives.dll
0x00007fffd3420000 - 0x00007fffd3438000 	C:\WINDOWS\SYSTEM32\kernel.appcore.dll
0x00007fffbf260000 - 0x00007fffbf26c000 	C:\Program Files\Java\jdk-17\bin\vcruntime140_1.dll
0x00007fffab580000 - 0x00007fffab60e000 	C:\Program Files\Java\jdk-17\bin\msvcp140.dll
0x00007fff73400000 - 0x00007fff73fde000 	C:\Program Files\Java\jdk-17\bin\server\jvm.dll
0x00007fffd63a0000 - 0x00007fffd63a8000 	C:\WINDOWS\System32\PSAPI.DLL
0x00007fffcdd70000 - 0x00007fffcdd79000 	C:\WINDOWS\SYSTEM32\WSOCK32.dll
0x00007fffccf50000 - 0x00007fffccf84000 	C:\WINDOWS\SYSTEM32\WINMM.dll
0x0000025322a30000 - 0x0000025322aa1000 	C:\WINDOWS\System32\WS2_32.dll
0x00007fffbbca0000 - 0x00007fffbbcaa000 	C:\Program Files\Java\jdk-17\bin\jimage.dll
0x00007fffcb430000 - 0x00007fffcb663000 	C:\WINDOWS\SYSTEM32\DBGHELP.DLL
0x00007fffd5c80000 - 0x00007fffd5d57000 	C:\WINDOWS\System32\OLEAUT32.dll
0x00007fffa84c0000 - 0x00007fffa84f2000 	C:\WINDOWS\SYSTEM32\dbgcore.DLL
0x00007fffaea60000 - 0x00007fffaea85000 	C:\Program Files\Java\jdk-17\bin\java.dll

dbghelp: loaded successfully - version: 4.0.5 - missing functions: none
symbol engine: initialized successfully - sym options: 0x614 - pdb path: .;C:\Program Files\Java\jdk-17\bin;C:\WINDOWS\SYSTEM32;C:\WINDOWS\WinSxS\amd64_microsoft.windows.common-controls_6595b64144ccf1df_6.0.22621.3235_none_270f74e173860f98;C:\Program Files (x86)\Citrix\ICA Client;C:\Program Files\Java\jdk-17\bin\server

VM Arguments:
jvm_args: -Dapplication.home=C:\Program Files\Java\jdk-17 --add-modules=ALL-DEFAULT -Xms8m -Djdk.module.main=jdk.compiler 
java_command: jdk.compiler/com.sun.tools.javac.Main tempCodeRunnerFile.java
java_class_path (initial): <not set>
Launcher Type: SUN_STANDARD

[Global flags]
     intx CICompilerCount                          = 4                                         {product} {ergonomic}
     uint ConcGCThreads                            = 2                                         {product} {ergonomic}
     uint G1ConcRefinementThreads                  = 8                                         {product} {ergonomic}
   size_t G1HeapRegionSize                         = 1048576                                   {product} {ergonomic}
    uintx GCDrainStackTargetSize                   = 64                                        {product} {ergonomic}
   size_t InitialHeapSize                          = 8388608                                   {product} {command line}
   size_t MarkStackSize                            = 4194304                                   {product} {ergonomic}
   size_t MaxHeapSize                              = 2118123520                                {product} {ergonomic}
   size_t MinHeapDeltaBytes                        = 1048576                                   {product} {ergonomic}
   size_t MinHeapSize                              = 8388608                                   {product} {command line}
    uintx NonNMethodCodeHeapSize                   = 5839372                                {pd product} {ergonomic}
    uintx NonProfiledCodeHeapSize                  = 122909434                              {pd product} {ergonomic}
    uintx ProfiledCodeHeapSize                     = 122909434                              {pd product} {ergonomic}
    uintx ReservedCodeCacheSize                    = 251658240                              {pd product} {ergonomic}
     bool SegmentedCodeCache                       = true                                      {product} {ergonomic}
   size_t SoftMaxHeapSize                          = 2118123520                             {manageable} {ergonomic}
     bool UseCompressedClassPointers               = true                           {product lp64_product} {ergonomic}
     bool UseCompressedOops                        = true                           {product lp64_product} {ergonomic}
     bool UseG1GC                                  = true                                      {product} {ergonomic}
     bool UseLargePagesIndividualAllocation        = false                                  {pd product} {ergonomic}

Logging:
Log output configuration:
 #0: stdout all=warning uptime,level,tags
 #1: stderr all=off uptime,level,tags

Environment Variables:
JAVA_HOME=C:\Program Files\Java\jdk-17
PATH=C:\Program Files\Common Files\Oracle\Java\javapath;C:\Python310\Scripts\;C:\Python310\;C:\Windows\system32;C:\Windows;C:\Windows\System32\Wbem;C:\Windows\System32\WindowsPowerShell\v1.0\;C:\Windows\System32\OpenSSH\;C:\Program Files (x86)\NVIDIA Corporation\PhysX\Common;C:\Program Files\NVIDIA Corporation\NVIDIA NvDLISR;C:\WINDOWS\system32;C:\WINDOWS;C:\WINDOWS\System32\Wbem;C:\WINDOWS\System32\WindowsPowerShell\v1.0\;C:\WINDOWS\System32\OpenSSH\;C:\ProgramData\chocolatey\bin;D:\Program Files\Git\cmd;C:\Program Files\nodejs\;C:\Program Files\PuTTY\;C:\Program Files\PowerShell\7\;C:\Users\Lenovo\AppData\Local\Programs\Python\Python311\Scripts\;C:\Users\Lenovo\AppData\Local\Programs\Python\Python311\;C:\Users\Lenovo\AppData\Local\Microsoft\WindowsApps;C:\Users\Lenovo\AppData\Local\GitHubDesktop\bin;C:\Program Files\Azure Data Studio\bin;C:\Users\Lenovo\AppData\Roaming\npm;C:\Users\Lenovo\AppData\Local\Programs\Microsoft VS Code\bin
USERNAME=Lenovo
OS=Windows_NT
PROCESSOR_IDENTIFIER=Intel64 Family 6 Model 142 Stepping 12, GenuineIntel



---------------  S Y S T E M  ---------------

OS:
 Windows 11 , 64 bit Build 22621 (10.0.22621.3374)
OS uptime: 0 days 5:59 hours
Hyper-V role detected

CPU: total 8 (initial active 8) (4 cores per cpu, 2 threads per core) family 6 model 142 stepping 12 microcode 0xea, cx8, cmov, fxsr, ht, mmx, 3dnowpref, sse, sse2, sse3, ssse3, sse4.1, sse4.2, popcnt, lzcnt, tsc, tscinvbit, avx, avx2, aes, erms, clmul, bmi1, bmi2, adx, fma, vzeroupper, clflush, clflushopt, hv

Memory: 4k page, system-wide physical 8072M (109M free)
TotalPageFile size 32648M (AvailPageFile size 9M)
current process WorkingSet (physical memory assigned to process): 12M, peak: 12M
current process commit charge ("private bytes"): 61M, peak: 69M

vm_info: Java HotSpot(TM) 64-Bit Server VM (17.0.8+9-LTS-211) for windows-amd64 JRE (17.0.8+9-LTS-211), built on Jun 14 2023 10:34:31 by "mach5one" with MS VC++ 17.1 (VS2022)

END.
